<?xml version="1.0" encoding="UTF-8"?>
<!-- Generated by org.testng.reporters.JUnitReportReporter -->
<testsuite hostname="Vates-Jaz" failures="0" tests="1" name="Test.TestWiki" time="5.998" errors="0" timestamp="2024-09-16T12:43:39 ART" skipped="0">
  <testcase classname="Test.TestWiki" name="ValidarBusquedaWikipedia" time="5.998"/>
  <system-out/>
</testsuite> <!-- Test.TestWiki -->
