<?xml version="1.0" encoding="UTF-8"?>
<!-- Generated by org.testng.reporters.JUnitReportReporter -->
<testsuite hostname="Vates-Jaz" failures="0" tests="1" name="Test.testGoogle" time="13.189" errors="0" timestamp="2024-09-16T12:59:53 ART" skipped="0">
  <testcase classname="Test.testGoogle" name="ValidarBusquedaGoogle" time="13.189"/>
  <system-out/>
</testsuite> <!-- Test.testGoogle -->
